<?xml version="1.0" encoding="UTF-8"?>
<!-- Generated by org.testng.reporters.JUnitReportReporter -->
<testsuite hostname="kalpesh16" failures="0" tests="3" name="Testng.POMDemoQASetup.Setup" time="17.989" errors="0" timestamp="05 Oct 2021 18:35:13 GMT" skipped="0">
  <testcase classname="Testng.POMDemoQASetup.Setup" name="navigate_to_homepage_click_on_getstarted2" time="3.730"/>
  <testcase classname="Testng.POMDemoQASetup.Setup" name="navigate_to_homepage_click_on_getstarted1" time="3.282"/>
  <testcase classname="Testng.POMDemoQASetup.Setup" name="navigate_to_homepage_click_on_getstarted" time="10.977"/>
</testsuite> <!-- Testng.POMDemoQASetup.Setup -->
